2020-08-15 21:17:53,557 INFO gensim.summarization.textcleaner MainThread : 'pattern' package not found; tag filters are not available for English
2020-08-15 21:17:53,579 INFO werkzeug MainThread :  * Running on http://127.0.0.1:5000/ (Press CTRL+C to quit)
2020-08-15 21:17:53,580 INFO werkzeug MainThread :  * Restarting with stat
2020-08-15 21:17:54,380 INFO gensim.summarization.textcleaner MainThread : 'pattern' package not found; tag filters are not available for English
2020-08-15 21:17:54,389 WARNING werkzeug MainThread :  * Debugger is active!
2020-08-15 21:17:54,428 INFO werkzeug MainThread :  * Debugger PIN: 283-976-900
2020-08-15 21:18:09,998 INFO run Thread-2 : app running
2020-08-15 21:18:10,006 INFO gensim.topic_coherence.probability_estimation Thread-2 : using ParallelWordOccurrenceAccumulator(processes=3, batch_size=64) to estimate probabilities from sliding windows
2020-08-15 21:18:10,067 DEBUG gensim.topic_coherence.text_analysis Thread-2 : observed sentinel value; terminating
2020-08-15 21:18:10,067 DEBUG gensim.topic_coherence.text_analysis Thread-2 : observed sentinel value; terminating
2020-08-15 21:18:10,075 DEBUG gensim.topic_coherence.text_analysis Thread-2 : finished all batches; 0 documents processed (0 virtual)
2020-08-15 21:18:10,075 DEBUG gensim.topic_coherence.text_analysis Thread-2 : finished all batches; 0 documents processed (0 virtual)
2020-08-15 21:18:10,075 INFO gensim.topic_coherence.text_analysis Thread-2 : serializing accumulator to return to master...
2020-08-15 21:18:10,075 INFO gensim.topic_coherence.text_analysis Thread-2 : serializing accumulator to return to master...
2020-08-15 21:18:10,076 INFO gensim.topic_coherence.text_analysis Thread-2 : accumulator serialized
2020-08-15 21:18:10,076 INFO gensim.topic_coherence.text_analysis Thread-2 : accumulator serialized
2020-08-15 21:18:10,193 DEBUG gensim.topic_coherence.text_analysis Thread-2 : completed batch 0; 39 documents processed (39 virtual)
2020-08-15 21:18:10,194 DEBUG gensim.topic_coherence.text_analysis Thread-2 : observed sentinel value; terminating
2020-08-15 21:18:10,194 DEBUG gensim.topic_coherence.text_analysis Thread-2 : finished all batches; 39 documents processed (39 virtual)
2020-08-15 21:18:10,195 INFO gensim.topic_coherence.text_analysis Thread-2 : serializing accumulator to return to master...
2020-08-15 21:18:10,196 INFO gensim.topic_coherence.text_analysis Thread-2 : accumulator serialized
2020-08-15 21:18:10,205 INFO gensim.topic_coherence.text_analysis Thread-2 : 3 accumulators retrieved from output queue
2020-08-15 21:18:10,269 INFO gensim.topic_coherence.text_analysis Thread-2 : accumulated word occurrence stats for 39 virtual documents
2020-08-15 21:18:11,256 INFO werkzeug Thread-2 : 127.0.0.1 - - [15/Aug/2020 21:18:11] "[37mGET /run HTTP/1.1[0m" 200 -
2020-08-15 21:20:35,769 INFO gensim.summarization.textcleaner MainThread : 'pattern' package not found; tag filters are not available for English
2020-08-15 21:20:35,793 INFO gensim.topic_coherence.probability_estimation MainThread : using ParallelWordOccurrenceAccumulator(processes=3, batch_size=64) to estimate probabilities from sliding windows
2020-08-15 21:20:35,828 DEBUG gensim.topic_coherence.text_analysis MainThread : observed sentinel value; terminating
2020-08-15 21:20:35,828 DEBUG gensim.topic_coherence.text_analysis MainThread : observed sentinel value; terminating
2020-08-15 21:20:35,829 DEBUG gensim.topic_coherence.text_analysis MainThread : finished all batches; 0 documents processed (0 virtual)
2020-08-15 21:20:35,829 DEBUG gensim.topic_coherence.text_analysis MainThread : finished all batches; 0 documents processed (0 virtual)
2020-08-15 21:20:35,830 INFO gensim.topic_coherence.text_analysis MainThread : serializing accumulator to return to master...
2020-08-15 21:20:35,830 INFO gensim.topic_coherence.text_analysis MainThread : serializing accumulator to return to master...
2020-08-15 21:20:35,831 INFO gensim.topic_coherence.text_analysis MainThread : accumulator serialized
2020-08-15 21:20:35,831 INFO gensim.topic_coherence.text_analysis MainThread : accumulator serialized
2020-08-15 21:20:35,848 DEBUG gensim.topic_coherence.text_analysis MainThread : completed batch 0; 39 documents processed (39 virtual)
2020-08-15 21:20:35,849 DEBUG gensim.topic_coherence.text_analysis MainThread : observed sentinel value; terminating
2020-08-15 21:20:35,849 DEBUG gensim.topic_coherence.text_analysis MainThread : finished all batches; 39 documents processed (39 virtual)
2020-08-15 21:20:35,849 INFO gensim.topic_coherence.text_analysis MainThread : serializing accumulator to return to master...
2020-08-15 21:20:35,850 INFO gensim.topic_coherence.text_analysis MainThread : accumulator serialized
2020-08-15 21:20:35,857 INFO gensim.topic_coherence.text_analysis MainThread : 3 accumulators retrieved from output queue
2020-08-15 21:20:35,869 INFO gensim.topic_coherence.text_analysis MainThread : accumulated word occurrence stats for 39 virtual documents
2020-08-15 21:35:25,793 INFO gensim.summarization.textcleaner MainThread : 'pattern' package not found; tag filters are not available for English
2020-08-15 21:35:25,809 INFO gensim.topic_coherence.probability_estimation MainThread : using ParallelWordOccurrenceAccumulator(processes=3, batch_size=64) to estimate probabilities from sliding windows
2020-08-15 21:35:25,834 DEBUG gensim.topic_coherence.text_analysis MainThread : observed sentinel value; terminating
2020-08-15 21:35:25,834 DEBUG gensim.topic_coherence.text_analysis MainThread : observed sentinel value; terminating
2020-08-15 21:35:25,835 DEBUG gensim.topic_coherence.text_analysis MainThread : finished all batches; 0 documents processed (0 virtual)
2020-08-15 21:35:25,835 DEBUG gensim.topic_coherence.text_analysis MainThread : finished all batches; 0 documents processed (0 virtual)
2020-08-15 21:35:25,836 INFO gensim.topic_coherence.text_analysis MainThread : serializing accumulator to return to master...
2020-08-15 21:35:25,836 INFO gensim.topic_coherence.text_analysis MainThread : serializing accumulator to return to master...
2020-08-15 21:35:25,837 INFO gensim.topic_coherence.text_analysis MainThread : accumulator serialized
2020-08-15 21:35:25,837 INFO gensim.topic_coherence.text_analysis MainThread : accumulator serialized
2020-08-15 21:35:25,853 DEBUG gensim.topic_coherence.text_analysis MainThread : completed batch 0; 39 documents processed (39 virtual)
2020-08-15 21:35:25,853 DEBUG gensim.topic_coherence.text_analysis MainThread : observed sentinel value; terminating
2020-08-15 21:35:25,854 DEBUG gensim.topic_coherence.text_analysis MainThread : finished all batches; 39 documents processed (39 virtual)
2020-08-15 21:35:25,854 INFO gensim.topic_coherence.text_analysis MainThread : serializing accumulator to return to master...
2020-08-15 21:35:25,855 INFO gensim.topic_coherence.text_analysis MainThread : accumulator serialized
2020-08-15 21:35:25,861 INFO gensim.topic_coherence.text_analysis MainThread : 3 accumulators retrieved from output queue
2020-08-15 21:35:25,871 INFO gensim.topic_coherence.text_analysis MainThread : accumulated word occurrence stats for 39 virtual documents
2020-08-15 21:35:54,220 INFO gensim.summarization.textcleaner MainThread : 'pattern' package not found; tag filters are not available for English
2020-08-15 21:35:54,262 INFO gensim.topic_coherence.probability_estimation MainThread : using ParallelWordOccurrenceAccumulator(processes=3, batch_size=64) to estimate probabilities from sliding windows
2020-08-15 21:35:54,286 DEBUG gensim.topic_coherence.text_analysis MainThread : observed sentinel value; terminating
2020-08-15 21:35:54,287 DEBUG gensim.topic_coherence.text_analysis MainThread : finished all batches; 0 documents processed (0 virtual)
2020-08-15 21:35:54,286 DEBUG gensim.topic_coherence.text_analysis MainThread : observed sentinel value; terminating
2020-08-15 21:35:54,288 INFO gensim.topic_coherence.text_analysis MainThread : serializing accumulator to return to master...
2020-08-15 21:35:54,288 DEBUG gensim.topic_coherence.text_analysis MainThread : finished all batches; 0 documents processed (0 virtual)
2020-08-15 21:35:54,289 INFO gensim.topic_coherence.text_analysis MainThread : serializing accumulator to return to master...
2020-08-15 21:35:54,289 INFO gensim.topic_coherence.text_analysis MainThread : accumulator serialized
2020-08-15 21:35:54,290 INFO gensim.topic_coherence.text_analysis MainThread : accumulator serialized
2020-08-15 21:35:54,312 DEBUG gensim.topic_coherence.text_analysis MainThread : completed batch 0; 39 documents processed (39 virtual)
2020-08-15 21:35:54,312 DEBUG gensim.topic_coherence.text_analysis MainThread : observed sentinel value; terminating
2020-08-15 21:35:54,313 DEBUG gensim.topic_coherence.text_analysis MainThread : finished all batches; 39 documents processed (39 virtual)
2020-08-15 21:35:54,313 INFO gensim.topic_coherence.text_analysis MainThread : serializing accumulator to return to master...
2020-08-15 21:35:54,314 INFO gensim.topic_coherence.text_analysis MainThread : accumulator serialized
2020-08-15 21:35:54,322 INFO gensim.topic_coherence.text_analysis MainThread : 3 accumulators retrieved from output queue
2020-08-15 21:35:54,333 INFO gensim.topic_coherence.text_analysis MainThread : accumulated word occurrence stats for 39 virtual documents
2020-08-15 21:36:25,794 INFO gensim.summarization.textcleaner MainThread : 'pattern' package not found; tag filters are not available for English
2020-08-15 21:36:25,803 INFO gensim.topic_coherence.probability_estimation MainThread : using ParallelWordOccurrenceAccumulator(processes=3, batch_size=64) to estimate probabilities from sliding windows
2020-08-15 21:36:25,818 DEBUG gensim.topic_coherence.text_analysis MainThread : observed sentinel value; terminating
2020-08-15 21:36:25,818 DEBUG gensim.topic_coherence.text_analysis MainThread : observed sentinel value; terminating
2020-08-15 21:36:25,819 DEBUG gensim.topic_coherence.text_analysis MainThread : finished all batches; 0 documents processed (0 virtual)
2020-08-15 21:36:25,819 DEBUG gensim.topic_coherence.text_analysis MainThread : finished all batches; 0 documents processed (0 virtual)
2020-08-15 21:36:25,820 INFO gensim.topic_coherence.text_analysis MainThread : serializing accumulator to return to master...
2020-08-15 21:36:25,820 INFO gensim.topic_coherence.text_analysis MainThread : serializing accumulator to return to master...
2020-08-15 21:36:25,821 INFO gensim.topic_coherence.text_analysis MainThread : accumulator serialized
2020-08-15 21:36:25,821 INFO gensim.topic_coherence.text_analysis MainThread : accumulator serialized
2020-08-15 21:36:25,838 DEBUG gensim.topic_coherence.text_analysis MainThread : completed batch 0; 39 documents processed (39 virtual)
2020-08-15 21:36:25,838 DEBUG gensim.topic_coherence.text_analysis MainThread : observed sentinel value; terminating
2020-08-15 21:36:25,839 DEBUG gensim.topic_coherence.text_analysis MainThread : finished all batches; 39 documents processed (39 virtual)
2020-08-15 21:36:25,839 INFO gensim.topic_coherence.text_analysis MainThread : serializing accumulator to return to master...
2020-08-15 21:36:25,840 INFO gensim.topic_coherence.text_analysis MainThread : accumulator serialized
2020-08-15 21:36:25,847 INFO gensim.topic_coherence.text_analysis MainThread : 3 accumulators retrieved from output queue
2020-08-15 21:36:25,858 INFO gensim.topic_coherence.text_analysis MainThread : accumulated word occurrence stats for 39 virtual documents
2020-08-15 21:37:20,502 INFO werkzeug MainThread :  * Detected change in '/Users/tammychang/Downloads/flask-app/run.py', reloading
2020-08-15 21:37:20,825 INFO werkzeug MainThread :  * Restarting with stat
2020-08-15 21:37:50,414 WARNING werkzeug MainThread :  * Debugger is active!
2020-08-15 21:37:50,439 INFO werkzeug MainThread :  * Debugger PIN: 283-976-900
2020-08-16 00:12:10,230 INFO gensim.summarization.textcleaner MainThread : 'pattern' package not found; tag filters are not available for English
2020-08-16 00:12:10,251 INFO gensim.topic_coherence.probability_estimation MainThread : using ParallelWordOccurrenceAccumulator(processes=3, batch_size=64) to estimate probabilities from sliding windows
2020-08-16 00:12:10,282 DEBUG gensim.topic_coherence.text_analysis MainThread : observed sentinel value; terminating
2020-08-16 00:12:10,282 DEBUG gensim.topic_coherence.text_analysis MainThread : observed sentinel value; terminating
2020-08-16 00:12:10,284 DEBUG gensim.topic_coherence.text_analysis MainThread : finished all batches; 0 documents processed (0 virtual)
2020-08-16 00:12:10,284 DEBUG gensim.topic_coherence.text_analysis MainThread : finished all batches; 0 documents processed (0 virtual)
2020-08-16 00:12:10,285 INFO gensim.topic_coherence.text_analysis MainThread : serializing accumulator to return to master...
2020-08-16 00:12:10,284 INFO gensim.topic_coherence.text_analysis MainThread : serializing accumulator to return to master...
2020-08-16 00:12:10,287 INFO gensim.topic_coherence.text_analysis MainThread : accumulator serialized
2020-08-16 00:12:10,287 INFO gensim.topic_coherence.text_analysis MainThread : accumulator serialized
2020-08-16 00:12:10,305 DEBUG gensim.topic_coherence.text_analysis MainThread : completed batch 0; 39 documents processed (39 virtual)
2020-08-16 00:12:10,306 DEBUG gensim.topic_coherence.text_analysis MainThread : observed sentinel value; terminating
2020-08-16 00:12:10,307 DEBUG gensim.topic_coherence.text_analysis MainThread : finished all batches; 39 documents processed (39 virtual)
2020-08-16 00:12:10,307 INFO gensim.topic_coherence.text_analysis MainThread : serializing accumulator to return to master...
2020-08-16 00:12:10,308 INFO gensim.topic_coherence.text_analysis MainThread : accumulator serialized
2020-08-16 00:12:10,317 INFO gensim.topic_coherence.text_analysis MainThread : 3 accumulators retrieved from output queue
2020-08-16 00:12:10,334 INFO gensim.topic_coherence.text_analysis MainThread : accumulated word occurrence stats for 39 virtual documents
